<?xml version="1.0" encoding="UTF-8"?>
<!-- Generated by org.testng.reporters.JUnitReportReporter -->
<testsuite hostname="L76307" failures="0" tests="1" name="testCases.TC_002_LoginTest" time="2.229" errors="0" timestamp="2024-10-23T15:37:44 IST" skipped="0">
  <testcase classname="testCases.TC_002_LoginTest" name="verify_account_login" time="2.229"/>
</testsuite> <!-- testCases.TC_002_LoginTest -->
